<?xml version="1.0" encoding="UTF-8"?>
<coverage generated="1692210580094" clover="3.2.0">
  <project timestamp="1692210580094" name="All files">
    <metrics statements="80" coveredstatements="65" conditionals="24" coveredconditionals="16" methods="1" coveredmethods="1" elements="105" coveredelements="82" complexity="0" loc="80" ncloc="80" packages="1" files="1" classes="1"/>
    <file name="caixa-da-lanchonete.js" path="C:\Users\aline\Downloads\desafio-lanchonete-2023\src\caixa-da-lanchonete.js">
      <metrics statements="80" coveredstatements="65" conditionals="24" coveredconditionals="16" methods="1" coveredmethods="1"/>
      <line num="1" count="1" type="stmt"/>
      <line num="2" count="1" type="stmt"/>
      <line num="3" count="1" type="cond" truecount="1" falsecount="0"/>
      <line num="4" count="15" type="stmt"/>
      <line num="5" count="15" type="stmt"/>
      <line num="6" count="15" type="cond" truecount="1" falsecount="0"/>
      <line num="7" count="12" type="cond" truecount="1" falsecount="0"/>
      <line num="8" count="12" type="stmt"/>
      <line num="9" count="12" type="stmt"/>
      <line num="10" count="12" type="stmt"/>
      <line num="11" count="12" type="stmt"/>
      <line num="12" count="12" type="cond" truecount="1" falsecount="0"/>
      <line num="13" count="22" type="stmt"/>
      <line num="14" count="22" type="stmt"/>
      <line num="15" count="22" type="stmt"/>
      <line num="16" count="22" type="cond" truecount="1" falsecount="0"/>
      <line num="17" count="21" type="stmt"/>
      <line num="18" count="21" type="cond" truecount="1" falsecount="0"/>
      <line num="19" count="12" type="cond" truecount="1" falsecount="0"/>
      <line num="20" count="12" type="stmt"/>
      <line num="21" count="12" type="cond" truecount="0" falsecount="1"/>
      <line num="22" count="12" type="stmt"/>
      <line num="23" count="12" type="cond" truecount="0" falsecount="1"/>
      <line num="24" count="0" type="stmt"/>
      <line num="25" count="0" type="stmt"/>
      <line num="26" count="12" type="cond" truecount="1" falsecount="0"/>
      <line num="27" count="5" type="stmt"/>
      <line num="28" count="5" type="stmt"/>
      <line num="29" count="7" type="cond" truecount="2" falsecount="0"/>
      <line num="30" count="5" type="stmt"/>
      <line num="31" count="5" type="stmt"/>
      <line num="32" count="2" type="cond" truecount="1" falsecount="1"/>
      <line num="33" count="0" type="stmt"/>
      <line num="34" count="0" type="stmt"/>
      <line num="35" count="2" type="cond" truecount="0" falsecount="1"/>
      <line num="36" count="0" type="stmt"/>
      <line num="37" count="0" type="stmt"/>
      <line num="38" count="2" type="cond" truecount="0" falsecount="1"/>
      <line num="39" count="0" type="stmt"/>
      <line num="40" count="0" type="stmt"/>
      <line num="41" count="2" type="stmt"/>
      <line num="42" count="2" type="stmt"/>
      <line num="43" count="2" type="stmt"/>
      <line num="44" count="2" type="stmt"/>
      <line num="45" count="21" type="stmt"/>
      <line num="46" count="21" type="stmt"/>
      <line num="47" count="1" type="cond" truecount="1" falsecount="0"/>
      <line num="48" count="1" type="stmt"/>
      <line num="49" count="0" type="cond" truecount="0" falsecount="1"/>
      <line num="50" count="0" type="stmt"/>
      <line num="51" count="12" type="stmt"/>
      <line num="52" count="12" type="stmt"/>
      <line num="53" count="15" type="cond" truecount="1" falsecount="0"/>
      <line num="54" count="3" type="stmt"/>
      <line num="55" count="3" type="stmt"/>
      <line num="56" count="3" type="stmt"/>
      <line num="57" count="3" type="stmt"/>
      <line num="58" count="3" type="stmt"/>
      <line num="59" count="3" type="cond" truecount="0" falsecount="1"/>
      <line num="60" count="0" type="stmt"/>
      <line num="61" count="0" type="stmt"/>
      <line num="62" count="3" type="stmt"/>
      <line num="63" count="9" type="cond" truecount="2" falsecount="0"/>
      <line num="64" count="4" type="stmt"/>
      <line num="65" count="4" type="stmt"/>
      <line num="66" count="4" type="stmt"/>
      <line num="67" count="4" type="stmt"/>
      <line num="68" count="4" type="stmt"/>
      <line num="69" count="5" type="cond" truecount="1" falsecount="0"/>
      <line num="70" count="5" type="stmt"/>
      <line num="71" count="5" type="stmt"/>
      <line num="72" count="5" type="stmt"/>
      <line num="73" count="5" type="cond" truecount="0" falsecount="1"/>
      <line num="74" count="0" type="stmt"/>
      <line num="75" count="0" type="stmt"/>
      <line num="76" count="0" type="stmt"/>
      <line num="77" count="1" type="stmt"/>
      <line num="78" count="1" type="stmt"/>
      <line num="79" count="1" type="stmt"/>
      <line num="80" count="1" type="stmt"/>
    </file>
  </project>
</coverage>
