{"C:\\Users\\aline\\Downloads\\desafio-lanchonete-2023\\src\\caixa-da-lanchonete.js": {"path":"C:\\Users\\aline\\Downloads\\desafio-lanchonete-2023\\src\\caixa-da-lanchonete.js","all":false,"statementMap":{"0":{"start":{"line":1,"column":0},"end":{"line":1,"column":25}},"1":{"start":{"line":2,"column":0},"end":{"line":2,"column":0}},"2":{"start":{"line":3,"column":0},"end":{"line":3,"column":53}},"3":{"start":{"line":4,"column":0},"end":{"line":4,"column":26}},"4":{"start":{"line":5,"column":0},"end":{"line":5,"column":51}},"5":{"start":{"line":6,"column":0},"end":{"line":6,"column":56}},"6":{"start":{"line":7,"column":0},"end":{"line":7,"column":0}},"7":{"start":{"line":8,"column":0},"end":{"line":8,"column":20}},"8":{"start":{"line":9,"column":0},"end":{"line":9,"column":21}},"9":{"start":{"line":10,"column":0},"end":{"line":10,"column":25}},"10":{"start":{"line":11,"column":0},"end":{"line":11,"column":0}},"11":{"start":{"line":12,"column":0},"end":{"line":12,"column":31}},"12":{"start":{"line":13,"column":0},"end":{"line":13,"column":44}},"13":{"start":{"line":14,"column":0},"end":{"line":14,"column":64}},"14":{"start":{"line":15,"column":0},"end":{"line":15,"column":12}},"15":{"start":{"line":16,"column":0},"end":{"line":16,"column":25}},"16":{"start":{"line":17,"column":0},"end":{"line":17,"column":36}},"17":{"start":{"line":18,"column":0},"end":{"line":18,"column":42}},"18":{"start":{"line":19,"column":0},"end":{"line":19,"column":16}},"19":{"start":{"line":20,"column":0},"end":{"line":20,"column":45}},"20":{"start":{"line":21,"column":0},"end":{"line":21,"column":46}},"21":{"start":{"line":22,"column":0},"end":{"line":22,"column":16}},"22":{"start":{"line":23,"column":0},"end":{"line":23,"column":42}},"23":{"start":{"line":24,"column":0},"end":{"line":24,"column":46}},"24":{"start":{"line":25,"column":0},"end":{"line":25,"column":17}},"25":{"start":{"line":26,"column":0},"end":{"line":26,"column":47}},"26":{"start":{"line":27,"column":0},"end":{"line":27,"column":46}},"27":{"start":{"line":28,"column":0},"end":{"line":28,"column":17}},"28":{"start":{"line":29,"column":0},"end":{"line":29,"column":44}},"29":{"start":{"line":30,"column":0},"end":{"line":30,"column":44}},"30":{"start":{"line":31,"column":0},"end":{"line":31,"column":17}},"31":{"start":{"line":32,"column":0},"end":{"line":32,"column":45}},"32":{"start":{"line":33,"column":0},"end":{"line":33,"column":47}},"33":{"start":{"line":34,"column":0},"end":{"line":34,"column":17}},"34":{"start":{"line":35,"column":0},"end":{"line":35,"column":44}},"35":{"start":{"line":36,"column":0},"end":{"line":36,"column":46}},"36":{"start":{"line":37,"column":0},"end":{"line":37,"column":17}},"37":{"start":{"line":38,"column":0},"end":{"line":38,"column":44}},"38":{"start":{"line":39,"column":0},"end":{"line":39,"column":46}},"39":{"start":{"line":40,"column":0},"end":{"line":40,"column":17}},"40":{"start":{"line":41,"column":0},"end":{"line":41,"column":21}},"41":{"start":{"line":42,"column":0},"end":{"line":42,"column":50}},"42":{"start":{"line":43,"column":0},"end":{"line":43,"column":34}},"43":{"start":{"line":44,"column":0},"end":{"line":44,"column":17}},"44":{"start":{"line":45,"column":0},"end":{"line":45,"column":33}},"45":{"start":{"line":46,"column":0},"end":{"line":46,"column":13}},"46":{"start":{"line":47,"column":0},"end":{"line":47,"column":17}},"47":{"start":{"line":48,"column":0},"end":{"line":48,"column":45}},"48":{"start":{"line":49,"column":0},"end":{"line":49,"column":30}},"49":{"start":{"line":50,"column":0},"end":{"line":50,"column":13}},"50":{"start":{"line":51,"column":0},"end":{"line":51,"column":11}},"51":{"start":{"line":52,"column":0},"end":{"line":52,"column":0}},"52":{"start":{"line":53,"column":0},"end":{"line":53,"column":44}},"53":{"start":{"line":54,"column":0},"end":{"line":54,"column":32}},"54":{"start":{"line":55,"column":0},"end":{"line":55,"column":36}},"55":{"start":{"line":56,"column":0},"end":{"line":56,"column":51}},"56":{"start":{"line":57,"column":0},"end":{"line":57,"column":38}},"57":{"start":{"line":58,"column":0},"end":{"line":58,"column":32}},"58":{"start":{"line":59,"column":0},"end":{"line":59,"column":18}},"59":{"start":{"line":60,"column":0},"end":{"line":60,"column":45}},"60":{"start":{"line":61,"column":0},"end":{"line":61,"column":13}},"61":{"start":{"line":62,"column":0},"end":{"line":62,"column":9}},"62":{"start":{"line":63,"column":0},"end":{"line":63,"column":48}},"63":{"start":{"line":64,"column":0},"end":{"line":64,"column":40}},"64":{"start":{"line":65,"column":0},"end":{"line":65,"column":47}},"65":{"start":{"line":66,"column":0},"end":{"line":66,"column":34}},"66":{"start":{"line":67,"column":0},"end":{"line":67,"column":28}},"67":{"start":{"line":68,"column":0},"end":{"line":68,"column":9}},"68":{"start":{"line":69,"column":0},"end":{"line":69,"column":13}},"69":{"start":{"line":70,"column":0},"end":{"line":70,"column":47}},"70":{"start":{"line":71,"column":0},"end":{"line":71,"column":34}},"71":{"start":{"line":72,"column":0},"end":{"line":72,"column":28}},"72":{"start":{"line":73,"column":0},"end":{"line":73,"column":9}},"73":{"start":{"line":74,"column":0},"end":{"line":74,"column":8}},"74":{"start":{"line":75,"column":0},"end":{"line":75,"column":18}},"75":{"start":{"line":76,"column":0},"end":{"line":76,"column":5}},"76":{"start":{"line":77,"column":0},"end":{"line":77,"column":0}},"77":{"start":{"line":78,"column":0},"end":{"line":78,"column":1}},"78":{"start":{"line":79,"column":0},"end":{"line":79,"column":0}},"79":{"start":{"line":80,"column":0},"end":{"line":80,"column":29}}},"s":{"0":1,"1":1,"2":1,"3":15,"4":15,"5":15,"6":12,"7":12,"8":12,"9":12,"10":12,"11":12,"12":22,"13":22,"14":22,"15":22,"16":21,"17":21,"18":12,"19":12,"20":12,"21":12,"22":12,"23":0,"24":0,"25":12,"26":5,"27":5,"28":7,"29":5,"30":5,"31":2,"32":0,"33":0,"34":2,"35":0,"36":0,"37":2,"38":0,"39":0,"40":2,"41":2,"42":2,"43":2,"44":21,"45":21,"46":1,"47":1,"48":0,"49":0,"50":12,"51":12,"52":15,"53":3,"54":3,"55":3,"56":3,"57":3,"58":3,"59":0,"60":0,"61":3,"62":9,"63":4,"64":4,"65":4,"66":4,"67":4,"68":5,"69":5,"70":5,"71":5,"72":5,"73":0,"74":0,"75":0,"76":1,"77":1,"78":1,"79":1},"branchMap":{"0":{"type":"branch","line":3,"loc":{"start":{"line":3,"column":4},"end":{"line":76,"column":5}},"locations":[{"start":{"line":3,"column":4},"end":{"line":76,"column":5}}]},"1":{"type":"branch","line":6,"loc":{"start":{"line":6,"column":12},"end":{"line":6,"column":56}},"locations":[{"start":{"line":6,"column":12},"end":{"line":6,"column":56}}]},"2":{"type":"branch","line":7,"loc":{"start":{"line":7,"column":-1},"end":{"line":53,"column":43}},"locations":[{"start":{"line":7,"column":-1},"end":{"line":53,"column":43}}]},"3":{"type":"branch","line":53,"loc":{"start":{"line":53,"column":43},"end":{"line":62,"column":9}},"locations":[{"start":{"line":53,"column":43},"end":{"line":62,"column":9}}]},"4":{"type":"branch","line":59,"loc":{"start":{"line":59,"column":13},"end":{"line":61,"column":13}},"locations":[{"start":{"line":59,"column":13},"end":{"line":61,"column":13}}]},"5":{"type":"branch","line":63,"loc":{"start":{"line":63,"column":-1},"end":{"line":73,"column":9}},"locations":[{"start":{"line":63,"column":-1},"end":{"line":73,"column":9}}]},"6":{"type":"branch","line":63,"loc":{"start":{"line":63,"column":47},"end":{"line":68,"column":9}},"locations":[{"start":{"line":63,"column":47},"end":{"line":68,"column":9}}]},"7":{"type":"branch","line":69,"loc":{"start":{"line":69,"column":-1},"end":{"line":73,"column":9}},"locations":[{"start":{"line":69,"column":-1},"end":{"line":73,"column":9}}]},"8":{"type":"branch","line":73,"loc":{"start":{"line":73,"column":8},"end":{"line":76,"column":5}},"locations":[{"start":{"line":73,"column":8},"end":{"line":76,"column":5}}]},"9":{"type":"branch","line":12,"loc":{"start":{"line":12,"column":22},"end":{"line":51,"column":9}},"locations":[{"start":{"line":12,"column":22},"end":{"line":51,"column":9}}]},"10":{"type":"branch","line":16,"loc":{"start":{"line":16,"column":24},"end":{"line":46,"column":13}},"locations":[{"start":{"line":16,"column":24},"end":{"line":46,"column":13}}]},"11":{"type":"branch","line":18,"loc":{"start":{"line":18,"column":20},"end":{"line":18,"column":42}},"locations":[{"start":{"line":18,"column":20},"end":{"line":18,"column":42}}]},"12":{"type":"branch","line":19,"loc":{"start":{"line":19,"column":-1},"end":{"line":44,"column":17}},"locations":[{"start":{"line":19,"column":-1},"end":{"line":44,"column":17}}]},"13":{"type":"branch","line":21,"loc":{"start":{"line":21,"column":20},"end":{"line":21,"column":46}},"locations":[{"start":{"line":21,"column":20},"end":{"line":21,"column":46}}]},"14":{"type":"branch","line":23,"loc":{"start":{"line":23,"column":41},"end":{"line":25,"column":17}},"locations":[{"start":{"line":23,"column":41},"end":{"line":25,"column":17}}]},"15":{"type":"branch","line":26,"loc":{"start":{"line":26,"column":46},"end":{"line":28,"column":17}},"locations":[{"start":{"line":26,"column":46},"end":{"line":28,"column":17}}]},"16":{"type":"branch","line":29,"loc":{"start":{"line":29,"column":-1},"end":{"line":44,"column":17}},"locations":[{"start":{"line":29,"column":-1},"end":{"line":44,"column":17}}]},"17":{"type":"branch","line":29,"loc":{"start":{"line":29,"column":43},"end":{"line":31,"column":17}},"locations":[{"start":{"line":29,"column":43},"end":{"line":31,"column":17}}]},"18":{"type":"branch","line":32,"loc":{"start":{"line":32,"column":-1},"end":{"line":44,"column":17}},"locations":[{"start":{"line":32,"column":-1},"end":{"line":44,"column":17}}]},"19":{"type":"branch","line":32,"loc":{"start":{"line":32,"column":44},"end":{"line":34,"column":17}},"locations":[{"start":{"line":32,"column":44},"end":{"line":34,"column":17}}]},"20":{"type":"branch","line":35,"loc":{"start":{"line":35,"column":43},"end":{"line":37,"column":17}},"locations":[{"start":{"line":35,"column":43},"end":{"line":37,"column":17}}]},"21":{"type":"branch","line":38,"loc":{"start":{"line":38,"column":43},"end":{"line":40,"column":17}},"locations":[{"start":{"line":38,"column":43},"end":{"line":40,"column":17}}]},"22":{"type":"branch","line":47,"loc":{"start":{"line":47,"column":-1},"end":{"line":50,"column":13}},"locations":[{"start":{"line":47,"column":-1},"end":{"line":50,"column":13}}]},"23":{"type":"branch","line":49,"loc":{"start":{"line":49,"column":-1},"end":{"line":50,"column":13}},"locations":[{"start":{"line":49,"column":-1},"end":{"line":50,"column":13}}]}},"b":{"0":[15],"1":[3],"2":[12],"3":[3],"4":[0],"5":[9],"6":[4],"7":[5],"8":[0],"9":[22],"10":[21],"11":[9],"12":[12],"13":[0],"14":[0],"15":[5],"16":[7],"17":[5],"18":[2],"19":[0],"20":[0],"21":[0],"22":[1],"23":[0]},"fnMap":{"0":{"name":"calcularValorDaCompra","decl":{"start":{"line":3,"column":4},"end":{"line":76,"column":5}},"loc":{"start":{"line":3,"column":4},"end":{"line":76,"column":5}},"line":3}},"f":{"0":15}}
}
