TN:
SF:src\caixa-da-lanchonete.js
FN:3,calcularValorDaCompra
FNF:1
FNH:1
FNDA:15,calcularValorDaCompra
DA:1,1
DA:2,1
DA:3,1
DA:4,15
DA:5,15
DA:6,15
DA:7,12
DA:8,12
DA:9,12
DA:10,12
DA:11,12
DA:12,12
DA:13,22
DA:14,22
DA:15,22
DA:16,22
DA:17,21
DA:18,21
DA:19,12
DA:20,12
DA:21,12
DA:22,12
DA:23,12
DA:24,0
DA:25,0
DA:26,12
DA:27,5
DA:28,5
DA:29,7
DA:30,5
DA:31,5
DA:32,2
DA:33,0
DA:34,0
DA:35,2
DA:36,0
DA:37,0
DA:38,2
DA:39,0
DA:40,0
DA:41,2
DA:42,2
DA:43,2
DA:44,2
DA:45,21
DA:46,21
DA:47,1
DA:48,1
DA:49,0
DA:50,0
DA:51,12
DA:52,12
DA:53,15
DA:54,3
DA:55,3
DA:56,3
DA:57,3
DA:58,3
DA:59,3
DA:60,0
DA:61,0
DA:62,3
DA:63,9
DA:64,4
DA:65,4
DA:66,4
DA:67,4
DA:68,4
DA:69,5
DA:70,5
DA:71,5
DA:72,5
DA:73,5
DA:74,0
DA:75,0
DA:76,0
DA:77,1
DA:78,1
DA:79,1
DA:80,1
LF:80
LH:65
BRDA:3,0,0,15
BRDA:6,1,0,3
BRDA:7,2,0,12
BRDA:53,3,0,3
BRDA:59,4,0,0
BRDA:63,5,0,9
BRDA:63,6,0,4
BRDA:69,7,0,5
BRDA:73,8,0,0
BRDA:12,9,0,22
BRDA:16,10,0,21
BRDA:18,11,0,9
BRDA:19,12,0,12
BRDA:21,13,0,0
BRDA:23,14,0,0
BRDA:26,15,0,5
BRDA:29,16,0,7
BRDA:29,17,0,5
BRDA:32,18,0,2
BRDA:32,19,0,0
BRDA:35,20,0,0
BRDA:38,21,0,0
BRDA:47,22,0,1
BRDA:49,23,0,0
BRF:24
BRH:16
end_of_record
